<?xml version="1.0" encoding="UTF-8"?>
<testsuite xmlns:xsi="http://www.w3.org/2001/XMLSchema-instance" xsi:noNamespaceSchemaLocation="https://maven.apache.org/surefire/maven-surefire-plugin/xsd/surefire-test-report-3.0.xsd" version="3.0" name="com.myproject.ecommerce.EcommerceApplicationTests" time="1.724" tests="1" errors="0" skipped="0" failures="0">
  <properties>
[...]
</properties>
  <testcase name="contextLoads" classname="com.myproject.ecommerce.EcommerceApplicationTests" time="0.784">
    <system-out><![CDATA[01:06:30.848 [main] INFO org.springframework.test.context.support.AnnotationConfigContextLoaderUtils -- Could not detect default configuration classes for test class [com.myproject.ecommerce.EcommerceApplicationTests]: EcommerceApplicationTests does not declare any static, non-private, non-final, nested classes annotated with @Configuration.
01:06:30.896 [main] INFO org.springframework.boot.test.context.SpringBootTestContextBootstrapper -- Found @SpringBootConfiguration com.myproject.ecommerce.EcommerceApplication for test class com.myproject.ecommerce.EcommerceApplicationTests

  .   ____          _            __ _ _
 /\\ / ___'_ __ _ _(_)_ __  __ _ \ \ \ \
( ( )\___ | '_ | '_| | '_ \/ _` | \ \ \ \
 \\/  ___)| |_)| | | | | || (_| |  ) ) ) )
  '  |____| .__|_| |_|_| |_\__, | / / / /
 =========|_|==============|___/=/_/_/_/
 :: Spring Boot ::                (v3.1.4)

2023-09-29T01:06:31.073+05:30  INFO 72548 --- [           main] c.m.ecommerce.EcommerceApplicationTests  : Starting EcommerceApplicationTests using Java 18 with PID 72548 (started by srikanthdumpeti in /Users/srikanthdumpeti/ScalerProject/ecommerce)
2023-09-29T01:06:31.074+05:30  INFO 72548 --- [           main] c.m.ecommerce.EcommerceApplicationTests  : No active profile set, falling back to 1 default profile: "default"
2023-09-29T01:06:31.618+05:30  WARN 72548 --- [           main] .s.s.UserDetailsServiceAutoConfiguration : 

Using generated security password: ee217a52-071e-4136-98a1-4209a4aa11b9

This generated password is for development use only. Your security configuration must be updated before running your application in production.

2023-09-29T01:06:31.670+05:30  INFO 72548 --- [           main] o.s.s.web.DefaultSecurityFilterChain     : Will secure any request with [org.springframework.security.web.session.DisableEncodeUrlFilter@66a5755, org.springframework.security.web.context.request.async.WebAsyncManagerIntegrationFilter@771a7d53, org.springframework.security.web.context.SecurityContextHolderFilter@7885776b, org.springframework.security.web.header.HeaderWriterFilter@1a256d80, org.springframework.security.web.csrf.CsrfFilter@2ceee4b6, org.springframework.security.web.authentication.logout.LogoutFilter@1b410308, org.springframework.security.web.authentication.UsernamePasswordAuthenticationFilter@26ca61bf, org.springframework.security.web.authentication.ui.DefaultLoginPageGeneratingFilter@31a2a9fa, org.springframework.security.web.authentication.ui.DefaultLogoutPageGeneratingFilter@6d6d480c, org.springframework.security.web.authentication.www.BasicAuthenticationFilter@4debbf0, org.springframework.security.web.savedrequest.RequestCacheAwareFilter@3472947a, org.springframework.security.web.servletapi.SecurityContextHolderAwareRequestFilter@39f5b723, org.springframework.security.web.authentication.AnonymousAuthenticationFilter@e95595b, org.springframework.security.web.access.ExceptionTranslationFilter@158ae284, org.springframework.security.web.access.intercept.AuthorizationFilter@32eae6f2]
2023-09-29T01:06:31.685+05:30  INFO 72548 --- [           main] c.m.ecommerce.EcommerceApplicationTests  : Started EcommerceApplicationTests in 0.722 seconds (process running for 1.214)
]]></system-out>
  </testcase>
</testsuite>